{
  "RSpec": {
    "coverage": {
      "/Users/ben/Desktop/IT Portfolio/MAKERS/COURSE/Week04/otis-bookmark/bookmark_manager.rb": {
        "lines": [
          1,
          1,
          null,
          1,
          1,
          1,
          null,
          null,
          1,
          3,
          3,
          null,
          null,
          1,
          1,
          null,
          null,
          1,
          1,
          1,
          null,
          null,
          1,
          null
        ]
      },
      "/Users/ben/Desktop/IT Portfolio/MAKERS/COURSE/Week04/otis-bookmark/lib/bookmarks.rb": {
        "lines": [
          1,
          null,
          1,
          1,
          null,
          1,
          9,
          9,
          9,
          null,
          null,
          1,
          11,
          11,
          null,
          0,
          null,
          null,
          null,
          1,
          6,
          6,
          6,
          9,
          null,
          null,
          null,
          1,
          5,
          5,
          null,
          null
        ]
      },
      "/Users/ben/Desktop/IT Portfolio/MAKERS/COURSE/Week04/otis-bookmark/spec/setup_test_database.rb": {
        "lines": [
          1,
          null,
          1,
          6,
          6,
          6,
          null
        ]
      },
      "/Users/ben/Desktop/IT Portfolio/MAKERS/COURSE/Week04/otis-bookmark/spec/features/add_bookmark_spec.rb": {
        "lines": [
          null,
          1,
          1,
          1,
          1,
          1,
          1,
          1,
          null,
          null
        ]
      },
      "/Users/ben/Desktop/IT Portfolio/MAKERS/COURSE/Week04/otis-bookmark/spec/features/home_spec.rb": {
        "lines": [
          1,
          1,
          1,
          1,
          null,
          null
        ]
      },
      "/Users/ben/Desktop/IT Portfolio/MAKERS/COURSE/Week04/otis-bookmark/spec/features/list_bookmarks_spec.rb": {
        "lines": [
          1,
          1,
          1,
          1,
          null,
          null,
          1,
          1,
          1,
          1,
          1,
          1,
          1,
          1,
          null,
          null
        ]
      },
      "/Users/ben/Desktop/IT Portfolio/MAKERS/COURSE/Week04/otis-bookmark/spec/units/bookmarks_spec.rb": {
        "lines": [
          1,
          null,
          1,
          null,
          1,
          null,
          null,
          null,
          null,
          1,
          1,
          1,
          1,
          1,
          1,
          1,
          null,
          1,
          1,
          3,
          3,
          null,
          null,
          null,
          null,
          1,
          1,
          1,
          1,
          1,
          1,
          null,
          null,
          null
        ]
      }
    },
    "timestamp": 1603377135
  }
}
