{
  "RSpec": {
    "coverage": {
      "/Users/otis/Desktop/bookmark-manager/bookmark_manager.rb": {
        "lines": [
          1,
          1,
          null,
          1,
          1,
          1,
          1,
          null,
          null,
          1,
          4,
          4,
          null,
          null,
          1,
          1,
          null,
          null,
          1,
          1,
          1,
          null,
          null,
          1,
          1,
          1,
          null,
          null,
          1,
          0,
          0,
          null,
          null,
          1,
          null
        ]
      },
      "/Users/otis/Desktop/bookmark-manager/lib/bookmarks.rb": {
        "lines": [
          1,
          null,
          1,
          1,
          null,
          1,
          18,
          18,
          18,
          null,
          null,
          1,
          15,
          15,
          null,
          0,
          null,
          null,
          null,
          1,
          8,
          8,
          8,
          11,
          null,
          null,
          null,
          1,
          7,
          7,
          7,
          null,
          null,
          1,
          0,
          0,
          null,
          0,
          null,
          0,
          0,
          null,
          null,
          null
        ]
      },
      "/Users/otis/Desktop/bookmark-manager/spec/setup_test_database.rb": {
        "lines": [
          1,
          null,
          1,
          11,
          11,
          11,
          null,
          null,
          1,
          1,
          1,
          1,
          1,
          null
        ]
      },
      "/Users/otis/Desktop/bookmark-manager/spec/features/add_bookmark_spec.rb": {
        "lines": [
          1,
          1,
          1,
          1,
          1,
          1,
          1,
          null,
          null
        ]
      },
      "/Users/otis/Desktop/bookmark-manager/spec/features/delete_bookmark_spec.rb": {
        "lines": [
          1,
          1,
          1,
          1,
          1,
          1,
          1,
          1,
          0,
          null,
          0,
          0,
          null,
          null
        ]
      },
      "/Users/otis/Desktop/bookmark-manager/spec/features/home_spec.rb": {
        "lines": [
          1,
          1,
          1,
          1,
          null,
          null
        ]
      },
      "/Users/otis/Desktop/bookmark-manager/spec/features/list_bookmarks_spec.rb": {
        "lines": [
          1,
          1,
          1,
          1,
          null,
          null,
          1,
          1,
          1,
          1,
          1,
          1,
          1,
          1,
          null,
          null
        ]
      },
      "/Users/otis/Desktop/bookmark-manager/spec/units/bookmarks_spec.rb": {
        "lines": [
          1,
          null,
          1,
          null,
          1,
          null,
          null,
          null,
          null,
          1,
          1,
          1,
          1,
          1,
          null,
          1,
          1,
          3,
          3,
          null,
          null,
          null,
          null,
          1,
          1,
          1,
          1,
          1,
          1,
          null,
          null,
          null,
          1,
          1,
          1,
          1,
          null,
          1,
          null,
          0,
          null,
          null,
          null
        ]
      }
    },
    "timestamp": 1603450833
  }
}
